<?xml version="1.0" encoding="UTF-8"?>
<!-- Generated by org.testng.reporters.JUnitXMLReporter -->
<testsuite ignored="0" hostname="DESKTOP-QS3L28C" failures="1" tests="6" name="LoginTest_ReportG" time="62.569" errors="0" timestamp="2022-09-19T17:54:29 IST">
  <testcase classname="tests_extendR.ExecuteTests_PF" name="Test_OpenWebsite" time="23.011"/>
  <testcase classname="tests_extendR.ExecuteTests_PF" name="Test_Username" time="8.698"/>
  <testcase classname="tests_extendR.ExecuteTests_PF" name="Test_Password" time="6.345"/>
  <testcase classname="tests_extendR.ExecuteTests_PF" name="Validate_Username" time="6.723">
    <failure type="java.lang.AssertionError" message="expected [Please provide your full ] but found [Please provide your full name]">
      <![CDATA[java.lang.AssertionError: expected [Please provide your full ] but found [Please provide your full name]
at pages_PF.DemoPage1_PF.checkUsernameErrorMessage(DemoPage1_PF.java:67)
at tests_extendR.ExecuteTests_PF.Validate_Username(ExecuteTests_PF.java:77)
at java.base/java.util.ArrayList.forEach(ArrayList.java:1510)
... Removed 32 stack frames]]>
    </failure>
  </testcase> <!-- Validate_Username -->
  <testcase classname="tests_extendR.ExecuteTests_PF" name="Validate_Password" time="6.217"/>
  <testcase classname="tests_extendR.ExecuteTests_PF" name="TestLogin_ValidInput" time="8.488"/>
</testsuite> <!-- LoginTest_ReportG -->
