<?xml version="1.0" encoding="UTF-8"?>
<!-- Generated by org.testng.reporters.JUnitXMLReporter -->
<testsuite ignored="0" hostname="DESKTOP-QS3L28C" failures="7" tests="12" name="LoginTest" time="35.462" errors="0" timestamp="2022-08-23T17:41:44 IST">
  <testcase classname="tests.ExecuteTests" name="@AfterMethod screenshot" time="0.069">
    <failure type="java.lang.NullPointerException">
      <![CDATA[java.lang.NullPointerException
at tests.ExecuteTests.screenshot(ExecuteTests.java:78)
at java.base/java.util.ArrayList.forEach(ArrayList.java:1510)
... Removed 32 stack frames]]>
    </failure>
  </testcase> <!-- @AfterMethod screenshot -->
  <testcase classname="tests.ExecuteTests" name="@AfterMethod screenshot" time="-1.661256703117E9">
    <skipped/>
  </testcase> <!-- @AfterMethod screenshot -->
  <testcase classname="tests.ExecuteTests" name="@AfterMethod screenshot" time="-1.661256703135E9">
    <skipped/>
  </testcase> <!-- @AfterMethod screenshot -->
  <testcase classname="tests.ExecuteTests" name="@AfterMethod screenshot" time="-1.661256703236E9">
    <skipped/>
  </testcase> <!-- @AfterMethod screenshot -->
  <testcase classname="tests.ExecuteTests" name="Test_OpenWebsite" time="34.703">
    <failure type="org.openqa.selenium.NoSuchElementException" message="no such element: Unable to locate element: {&amp;quot;method&amp;quot;:&amp;quot;xpath&amp;quot;,&amp;quot;selector&amp;quot;:&amp;quot;//h1[contains(text(),&amp;apos;Automation&amp;apos;)]&amp;quot;}
  (Session info: chrome=104.0.5112.102)
For documentation on this error, please visit: https://selenium.dev/exceptions/#no_such_element
Build info: version: &amp;apos;4.1.1&amp;apos;, revision: &amp;apos;e8fcc2cecf&amp;apos;
System info: host: &amp;apos;DESKTOP-QS3L28C&amp;apos;, ip: &amp;apos;192.168.225.224&amp;apos;, os.name: &amp;apos;Windows 10&amp;apos;, os.arch: &amp;apos;amd64&amp;apos;, os.version: &amp;apos;10.0&amp;apos;, java.version: &amp;apos;14.0.1&amp;apos;
Driver info: org.openqa.selenium.chrome.ChromeDriver
Command: [f93cdf4d9a036965862958cefc99932b, findElement {using=xpath, value=//h1[contains(text(),&amp;apos;Automation&amp;apos;)]}]
Capabilities {acceptInsecureCerts: false, browserName: chrome, browserVersion: 104.0.5112.102, chrome: {chromedriverVersion: 104.0.5112.79 (3cf3e8c8a07d..., userDataDir: C:\Users\ROHIT\AppData\Loca...}, goog:chromeOptions: {debuggerAddress: localhost:49232}, javascriptEnabled: true, networkConnectionEnabled: false, pageLoadStrategy: normal, platform: WINDOWS, platformName: WINDOWS, proxy: Proxy(), se:cdp: ws://localhost:49232/devtoo..., se:cdpVersion: 104.0.5112.102, setWindowRect: true, strictFileInteractability: false, timeouts: {implicit: 0, pageLoad: 300000, script: 30000}, unhandledPromptBehavior: dismiss and notify, webauthn:extension:credBlob: true, webauthn:extension:largeBlob: true, webauthn:virtualAuthenticators: true}
Session ID: f93cdf4d9a036965862958cefc99932b">
      <![CDATA[org.openqa.selenium.NoSuchElementException: no such element: Unable to locate element: {"method":"xpath","selector":"//h1[contains(text(),'Automation')]"}
  (Session info: chrome=104.0.5112.102)
For documentation on this error, please visit: https://selenium.dev/exceptions/#no_such_element
Build info: version: '4.1.1', revision: 'e8fcc2cecf'
System info: host: 'DESKTOP-QS3L28C', ip: '192.168.225.224', os.name: 'Windows 10', os.arch: 'amd64', os.version: '10.0', java.version: '14.0.1'
Driver info: org.openqa.selenium.chrome.ChromeDriver
Command: [f93cdf4d9a036965862958cefc99932b, findElement {using=xpath, value=//h1[contains(text(),'Automation')]}]
Capabilities {acceptInsecureCerts: false, browserName: chrome, browserVersion: 104.0.5112.102, chrome: {chromedriverVersion: 104.0.5112.79 (3cf3e8c8a07d..., userDataDir: C:\Users\ROHIT\AppData\Loca...}, goog:chromeOptions: {debuggerAddress: localhost:49232}, javascriptEnabled: true, networkConnectionEnabled: false, pageLoadStrategy: normal, platform: WINDOWS, platformName: WINDOWS, proxy: Proxy(), se:cdp: ws://localhost:49232/devtoo..., se:cdpVersion: 104.0.5112.102, setWindowRect: true, strictFileInteractability: false, timeouts: {implicit: 0, pageLoad: 300000, script: 30000}, unhandledPromptBehavior: dismiss and notify, webauthn:extension:credBlob: true, webauthn:extension:largeBlob: true, webauthn:virtualAuthenticators: true}
Session ID: f93cdf4d9a036965862958cefc99932b
at org.openqa.selenium.remote.codec.w3c.W3CHttpResponseCodec.createException(W3CHttpResponseCodec.java:200)
at org.openqa.selenium.remote.codec.w3c.W3CHttpResponseCodec.decode(W3CHttpResponseCodec.java:133)
at org.openqa.selenium.remote.codec.w3c.W3CHttpResponseCodec.decode(W3CHttpResponseCodec.java:53)
at org.openqa.selenium.remote.HttpCommandExecutor.execute(HttpCommandExecutor.java:184)
at org.openqa.selenium.remote.service.DriverCommandExecutor.invokeExecute(DriverCommandExecutor.java:167)
at org.openqa.selenium.remote.service.DriverCommandExecutor.execute(DriverCommandExecutor.java:142)
at org.openqa.selenium.remote.RemoteWebDriver.execute(RemoteWebDriver.java:543)
at org.openqa.selenium.remote.ElementLocation$ElementFinder$2.findElement(ElementLocation.java:162)
at org.openqa.selenium.remote.ElementLocation.findElement(ElementLocation.java:60)
at org.openqa.selenium.remote.RemoteWebDriver.findElement(RemoteWebDriver.java:367)
at org.openqa.selenium.remote.RemoteWebDriver.findElement(RemoteWebDriver.java:359)
at tests.Config.openwebsite(Config.java:26)
at tests.ExecuteTests.Test_OpenWebsite(ExecuteTests.java:26)
at java.base/java.util.ArrayList.forEach(ArrayList.java:1510)
... Removed 32 stack frames]]>
    </failure>
  </testcase> <!-- Test_OpenWebsite -->
  <testcase classname="tests.ExecuteTests" name="Test_Username" time="0.0">
    <skipped/>
  </testcase> <!-- Test_Username -->
  <testcase classname="tests.ExecuteTests" name="Test_Password" time="0.0">
    <skipped/>
  </testcase> <!-- Test_Password -->
  <testcase classname="tests.ExecuteTests" name="Validate_Username" time="0.0">
    <skipped/>
  </testcase> <!-- Validate_Username -->
  <testcase classname="tests.ExecuteTests" name="Validate_Password" time="0.0">
    <skipped/>
  </testcase> <!-- Validate_Password -->
  <testcase classname="tests.ExecuteTests" name="TestLogin_ValidInput" time="0.0">
    <skipped/>
  </testcase> <!-- TestLogin_ValidInput -->
  <testcase classname="tests.ExecuteTests2" name="Test_PageUrl" time="0.081">
    <failure type="java.lang.NullPointerException">
      <![CDATA[java.lang.NullPointerException
at pages.DemoPage2.verifyPageUrl(DemoPage2.java:30)
at tests.ExecuteTests2.Test_PageUrl(ExecuteTests2.java:21)
at java.base/java.util.ArrayList.forEach(ArrayList.java:1510)
... Removed 27 stack frames]]>
    </failure>
  </testcase> <!-- Test_PageUrl -->
  <testcase classname="tests.ExecuteTests2" name="Test_Country" time="0.023">
    <failure type="java.lang.NullPointerException">
      <![CDATA[java.lang.NullPointerException
at pages.DemoPage2.selectCountry(DemoPage2.java:35)
at tests.ExecuteTests2.Test_Country(ExecuteTests2.java:26)
at java.base/java.util.ArrayList.forEach(ArrayList.java:1510)
... Removed 27 stack frames]]>
    </failure>
  </testcase> <!-- Test_Country -->
  <testcase classname="tests.ExecuteTests2" name="Test_Address" time="0.023">
    <failure type="java.lang.NullPointerException">
      <![CDATA[java.lang.NullPointerException
at pages.DemoPage2.enterAddress(DemoPage2.java:59)
at tests.ExecuteTests2.Test_Address(ExecuteTests2.java:33)
at java.base/java.util.ArrayList.forEach(ArrayList.java:1510)
... Removed 27 stack frames]]>
    </failure>
  </testcase> <!-- Test_Address -->
  <testcase classname="tests.ExecuteTests2" name="Test_Email" time="0.004">
    <failure type="java.lang.NullPointerException">
      <![CDATA[java.lang.NullPointerException
at pages.DemoPage2.enterEmail(DemoPage2.java:75)
at tests.ExecuteTests2.Test_Email(ExecuteTests2.java:40)
at java.base/java.util.ArrayList.forEach(ArrayList.java:1510)
... Removed 27 stack frames]]>
    </failure>
  </testcase> <!-- Test_Email -->
  <testcase classname="tests.ExecuteTests2" name="Test_Phone" time="0.003">
    <failure type="java.lang.NullPointerException">
      <![CDATA[java.lang.NullPointerException
at pages.DemoPage2.enterPhone(DemoPage2.java:91)
at tests.ExecuteTests2.Test_Phone(ExecuteTests2.java:47)
at java.base/java.util.ArrayList.forEach(ArrayList.java:1510)
... Removed 27 stack frames]]>
    </failure>
  </testcase> <!-- Test_Phone -->
  <testcase classname="tests.ExecuteTests2" name="Test_Submit_Details" time="0.003">
    <failure type="java.lang.NullPointerException">
      <![CDATA[java.lang.NullPointerException
at pages.DemoPage2.clickOnSaveButton(DemoPage2.java:107)
at tests.ExecuteTests2.Test_Submit_Details(ExecuteTests2.java:54)
at java.base/java.util.ArrayList.forEach(ArrayList.java:1510)
... Removed 27 stack frames]]>
    </failure>
  </testcase> <!-- Test_Submit_Details -->
</testsuite> <!-- LoginTest -->
