<!DOCTYPE html>

<html>
  <head>
  <meta charset='utf-8'>
  <title>TestNG reports</title>

    <link type="text/css" href="testng-reports.css" rel="stylesheet" />
    <script type="text/javascript" src="jquery-3.4.1.min.js"></script>
    <script type="text/javascript" src="testng-reports.js"></script>
    <script type="text/javascript" src="https://www.google.com/jsapi"></script>
    <script type='text/javascript'>
      google.load('visualization', '1', {packages:['table']});
      google.setOnLoadCallback(drawTable);
      var suiteTableInitFunctions = new Array();
      var suiteTableData = new Array();
    </script>
    <!--
      <script type="text/javascript" src="jquery-ui/js/jquery-ui-1.8.16.custom.min.js"></script>
     -->
  </head>

  <body>
    <div class="top-banner-root">
      <span class="top-banner-title-font">Test results</span>
      <br/>
      <span class="top-banner-font-1">1 suite, 1 failed test</span>
    </div> <!-- top-banner-root -->
    <div class="navigator-root">
      <div class="navigator-suite-header">
        <span>All suites</span>
        <a href="#" title="Collapse/expand all the suites" class="collapse-all-link">
          <img src="collapseall.gif" class="collapse-all-icon">
          </img> <!-- collapse-all-icon -->
        </a> <!-- collapse-all-link -->
      </div> <!-- navigator-suite-header -->
      <div class="suite">
        <div class="rounded-window">
          <div class="suite-header light-rounded-window-top">
            <a href="#" panel-name="suite-Test_Project" class="navigator-link">
              <span class="suite-name border-failed">Test Project</span>
            </a> <!-- navigator-link -->
          </div> <!-- suite-header light-rounded-window-top -->
          <div class="navigator-suite-content">
            <div class="suite-section-title">
              <span>Info</span>
            </div> <!-- suite-section-title -->
            <div class="suite-section-content">
              <ul>
                <li>
                  <a href="#" panel-name="test-xml-Test_Project" class="navigator-link ">
                    <span>C:\Users\ROHIT\eclipse-workspace\TestProject_Web\testng.xml</span>
                  </a> <!-- navigator-link  -->
                </li>
                <li>
                  <a href="#" panel-name="testlist-Test_Project" class="navigator-link ">
                    <span class="test-stats">1 test</span>
                  </a> <!-- navigator-link  -->
                </li>
                <li>
                  <a href="#" panel-name="group-Test_Project" class="navigator-link ">
                    <span>0 groups</span>
                  </a> <!-- navigator-link  -->
                </li>
                <li>
                  <a href="#" panel-name="times-Test_Project" class="navigator-link ">
                    <span>Times</span>
                  </a> <!-- navigator-link  -->
                </li>
                <li>
                  <a href="#" panel-name="reporter-Test_Project" class="navigator-link ">
                    <span>Reporter output</span>
                  </a> <!-- navigator-link  -->
                </li>
                <li>
                  <a href="#" panel-name="ignored-methods-Test_Project" class="navigator-link ">
                    <span>Ignored methods</span>
                  </a> <!-- navigator-link  -->
                </li>
                <li>
                  <a href="#" panel-name="chronological-Test_Project" class="navigator-link ">
                    <span>Chronological view</span>
                  </a> <!-- navigator-link  -->
                </li>
              </ul>
            </div> <!-- suite-section-content -->
            <div class="result-section">
              <div class="suite-section-title">
                <span>Results</span>
              </div> <!-- suite-section-title -->
              <div class="suite-section-content">
                <ul>
                  <li>
                    <span class="method-stats">6 methods, 1 failed,   5 passed</span>
                  </li>
                  <li>
                    <span class="method-list-title failed">Failed methods</span>
                    <span class="show-or-hide-methods failed">
                      <a href="#" panel-name="suite-Test_Project" class="hide-methods failed suite-Test_Project"> (hide)</a> <!-- hide-methods failed suite-Test_Project -->
                      <a href="#" panel-name="suite-Test_Project" class="show-methods failed suite-Test_Project"> (show)</a> <!-- show-methods failed suite-Test_Project -->
                    </span>
                    <div class="method-list-content failed suite-Test_Project">
                      <span>
                        <img src="failed.png" width="3%"/>
                        <a href="#" panel-name="suite-Test_Project" title="tests_extendR.ExecuteTests_PF" class="method navigator-link" hash-for-method="Validate_Username">Validate_Username</a> <!-- method navigator-link -->
                      </span>
                      <br/>
                    </div> <!-- method-list-content failed suite-Test_Project -->
                  </li>
                  <li>
                    <span class="method-list-title passed">Passed methods</span>
                    <span class="show-or-hide-methods passed">
                      <a href="#" panel-name="suite-Test_Project" class="hide-methods passed suite-Test_Project"> (hide)</a> <!-- hide-methods passed suite-Test_Project -->
                      <a href="#" panel-name="suite-Test_Project" class="show-methods passed suite-Test_Project"> (show)</a> <!-- show-methods passed suite-Test_Project -->
                    </span>
                    <div class="method-list-content passed suite-Test_Project">
                      <span>
                        <img src="passed.png" width="3%"/>
                        <a href="#" panel-name="suite-Test_Project" title="tests_extendR.ExecuteTests_PF" class="method navigator-link" hash-for-method="TestLogin_ValidInput">TestLogin_ValidInput</a> <!-- method navigator-link -->
                      </span>
                      <br/>
                      <span>
                        <img src="passed.png" width="3%"/>
                        <a href="#" panel-name="suite-Test_Project" title="tests_extendR.ExecuteTests_PF" class="method navigator-link" hash-for-method="Test_OpenWebsite">Test_OpenWebsite</a> <!-- method navigator-link -->
                      </span>
                      <br/>
                      <span>
                        <img src="passed.png" width="3%"/>
                        <a href="#" panel-name="suite-Test_Project" title="tests_extendR.ExecuteTests_PF" class="method navigator-link" hash-for-method="Test_Password">Test_Password</a> <!-- method navigator-link -->
                      </span>
                      <br/>
                      <span>
                        <img src="passed.png" width="3%"/>
                        <a href="#" panel-name="suite-Test_Project" title="tests_extendR.ExecuteTests_PF" class="method navigator-link" hash-for-method="Test_Username">Test_Username</a> <!-- method navigator-link -->
                      </span>
                      <br/>
                      <span>
                        <img src="passed.png" width="3%"/>
                        <a href="#" panel-name="suite-Test_Project" title="tests_extendR.ExecuteTests_PF" class="method navigator-link" hash-for-method="Validate_Password">Validate_Password</a> <!-- method navigator-link -->
                      </span>
                      <br/>
                    </div> <!-- method-list-content passed suite-Test_Project -->
                  </li>
                </ul>
              </div> <!-- suite-section-content -->
            </div> <!-- result-section -->
          </div> <!-- navigator-suite-content -->
        </div> <!-- rounded-window -->
      </div> <!-- suite -->
    </div> <!-- navigator-root -->
    <div class="wrapper">
      <div class="main-panel-root">
        <div panel-name="suite-Test_Project" class="panel Test_Project">
          <div class="suite-Test_Project-class-failed">
            <div class="main-panel-header rounded-window-top">
              <img src="failed.png"/>
              <span class="class-name">tests_extendR.ExecuteTests_PF</span>
            </div> <!-- main-panel-header rounded-window-top -->
            <div class="main-panel-content rounded-window-bottom">
              <div class="method">
                <div class="method-content">
                  <a name="Validate_Username">
                  </a> <!-- Validate_Username -->
                  <span class="method-name">Validate_Username</span>
                  <div class="stack-trace">java.lang.AssertionError: expected [Please provide your full ] but found [Please provide your full name]
	at pages_PF.DemoPage1_PF.checkUsernameErrorMessage(DemoPage1_PF.java:67)
	at tests_extendR.ExecuteTests_PF.Validate_Username(ExecuteTests_PF.java:77)
	at java.base/java.util.ArrayList.forEach(ArrayList.java:1510)
... Removed 32 stack frames
</div> <!-- stack-trace -->
                </div> <!-- method-content -->
              </div> <!-- method -->
            </div> <!-- main-panel-content rounded-window-bottom -->
          </div> <!-- suite-Test_Project-class-failed -->
          <div class="suite-Test_Project-class-passed">
            <div class="main-panel-header rounded-window-top">
              <img src="passed.png"/>
              <span class="class-name">tests_extendR.ExecuteTests_PF</span>
            </div> <!-- main-panel-header rounded-window-top -->
            <div class="main-panel-content rounded-window-bottom">
              <div class="method">
                <div class="method-content">
                  <a name="TestLogin_ValidInput">
                  </a> <!-- TestLogin_ValidInput -->
                  <span class="method-name">TestLogin_ValidInput</span>
                </div> <!-- method-content -->
              </div> <!-- method -->
              <div class="method">
                <div class="method-content">
                  <a name="Test_OpenWebsite">
                  </a> <!-- Test_OpenWebsite -->
                  <span class="method-name">Test_OpenWebsite</span>
                </div> <!-- method-content -->
              </div> <!-- method -->
              <div class="method">
                <div class="method-content">
                  <a name="Test_Password">
                  </a> <!-- Test_Password -->
                  <span class="method-name">Test_Password</span>
                </div> <!-- method-content -->
              </div> <!-- method -->
              <div class="method">
                <div class="method-content">
                  <a name="Test_Username">
                  </a> <!-- Test_Username -->
                  <span class="method-name">Test_Username</span>
                </div> <!-- method-content -->
              </div> <!-- method -->
              <div class="method">
                <div class="method-content">
                  <a name="Validate_Password">
                  </a> <!-- Validate_Password -->
                  <span class="method-name">Validate_Password</span>
                </div> <!-- method-content -->
              </div> <!-- method -->
            </div> <!-- main-panel-content rounded-window-bottom -->
          </div> <!-- suite-Test_Project-class-passed -->
        </div> <!-- panel Test_Project -->
        <div panel-name="test-xml-Test_Project" class="panel">
          <div class="main-panel-header rounded-window-top">
            <span class="header-content">C:\Users\ROHIT\eclipse-workspace\TestProject_Web\testng.xml</span>
          </div> <!-- main-panel-header rounded-window-top -->
          <div class="main-panel-content rounded-window-bottom">
            <pre>
&lt;?xml version=&quot;1.0&quot; encoding=&quot;UTF-8&quot;?&gt;
&lt;!DOCTYPE suite SYSTEM &quot;https://testng.org/testng-1.0.dtd&quot;&gt;
&lt;suite name=&quot;Test Project&quot; guice-stage=&quot;DEVELOPMENT&quot;&gt;
  &lt;test thread-count=&quot;5&quot; name=&quot;LoginTest_ReportG&quot;&gt;
    &lt;classes&gt;
      &lt;class name=&quot;tests_extendR.ExtentReporterNG&quot;/&gt;
      &lt;class name=&quot;tests_extendR.ExecuteTests_PF&quot;/&gt;
    &lt;/classes&gt;
  &lt;/test&gt; &lt;!-- LoginTest_ReportG --&gt;
&lt;/suite&gt; &lt;!-- Test Project --&gt;
            </pre>
          </div> <!-- main-panel-content rounded-window-bottom -->
        </div> <!-- panel -->
        <div panel-name="testlist-Test_Project" class="panel">
          <div class="main-panel-header rounded-window-top">
            <span class="header-content">Tests for Test Project</span>
          </div> <!-- main-panel-header rounded-window-top -->
          <div class="main-panel-content rounded-window-bottom">
            <ul>
              <li>
                <span class="test-name">LoginTest_ReportG (2 classes)</span>
              </li>
            </ul>
          </div> <!-- main-panel-content rounded-window-bottom -->
        </div> <!-- panel -->
        <div panel-name="group-Test_Project" class="panel">
          <div class="main-panel-header rounded-window-top">
            <span class="header-content">Groups for Test Project</span>
          </div> <!-- main-panel-header rounded-window-top -->
          <div class="main-panel-content rounded-window-bottom">
          </div> <!-- main-panel-content rounded-window-bottom -->
        </div> <!-- panel -->
        <div panel-name="times-Test_Project" class="panel">
          <div class="main-panel-header rounded-window-top">
            <span class="header-content">Times for Test Project</span>
          </div> <!-- main-panel-header rounded-window-top -->
          <div class="main-panel-content rounded-window-bottom">
            <div class="times-div">
              <script type="text/javascript">
suiteTableInitFunctions.push('tableData_Test_Project');
function tableData_Test_Project() {
var data = new google.visualization.DataTable();
data.addColumn('number', 'Number');
data.addColumn('string', 'Method');
data.addColumn('string', 'Class');
data.addColumn('number', 'Time (ms)');
data.addRows(6);
data.setCell(0, 0, 0)
data.setCell(0, 1, 'Test_OpenWebsite')
data.setCell(0, 2, 'tests_extendR.ExecuteTests_PF')
data.setCell(0, 3, 23011);
data.setCell(1, 0, 1)
data.setCell(1, 1, 'Test_Username')
data.setCell(1, 2, 'tests_extendR.ExecuteTests_PF')
data.setCell(1, 3, 8698);
data.setCell(2, 0, 2)
data.setCell(2, 1, 'TestLogin_ValidInput')
data.setCell(2, 2, 'tests_extendR.ExecuteTests_PF')
data.setCell(2, 3, 8488);
data.setCell(3, 0, 3)
data.setCell(3, 1, 'Validate_Username')
data.setCell(3, 2, 'tests_extendR.ExecuteTests_PF')
data.setCell(3, 3, 6723);
data.setCell(4, 0, 4)
data.setCell(4, 1, 'Test_Password')
data.setCell(4, 2, 'tests_extendR.ExecuteTests_PF')
data.setCell(4, 3, 6345);
data.setCell(5, 0, 5)
data.setCell(5, 1, 'Validate_Password')
data.setCell(5, 2, 'tests_extendR.ExecuteTests_PF')
data.setCell(5, 3, 6217);
window.suiteTableData['Test_Project']= { tableData: data, tableDiv: 'times-div-Test_Project'}
return data;
}
              </script>
              <span class="suite-total-time">Total running time: 59 seconds</span>
              <div id="times-div-Test_Project">
              </div> <!-- times-div-Test_Project -->
            </div> <!-- times-div -->
          </div> <!-- main-panel-content rounded-window-bottom -->
        </div> <!-- panel -->
        <div panel-name="reporter-Test_Project" class="panel">
          <div class="main-panel-header rounded-window-top">
            <span class="header-content">Reporter output for Test Project</span>
          </div> <!-- main-panel-header rounded-window-top -->
          <div class="main-panel-content rounded-window-bottom">
          </div> <!-- main-panel-content rounded-window-bottom -->
        </div> <!-- panel -->
        <div panel-name="ignored-methods-Test_Project" class="panel">
          <div class="main-panel-header rounded-window-top">
            <span class="header-content">0 ignored methods</span>
          </div> <!-- main-panel-header rounded-window-top -->
          <div class="main-panel-content rounded-window-bottom">
          </div> <!-- main-panel-content rounded-window-bottom -->
        </div> <!-- panel -->
        <div panel-name="chronological-Test_Project" class="panel">
          <div class="main-panel-header rounded-window-top">
            <span class="header-content">Methods in chronological order</span>
          </div> <!-- main-panel-header rounded-window-top -->
          <div class="main-panel-content rounded-window-bottom">
            <div class="chronological-class">
              <div class="chronological-class-name">tests_extendR.ExtentReporterNG</div> <!-- chronological-class-name -->
              <div class="configuration-suite before">
                <span class="method-name">StartReport</span>
                <span class="method-start">0 ms</span>
              </div> <!-- configuration-suite before -->
            </div> <!-- chronological-class -->
            <div class="chronological-class">
              <div class="chronological-class-name">tests_extendR.ExecuteTests_PF</div> <!-- chronological-class-name -->
              <div class="configuration-class before">
                <span class="method-name">startClass</span>
                <span class="method-start">523 ms</span>
              </div> <!-- configuration-class before -->
              <div class="test-method">
                <span class="method-name">Test_OpenWebsite</span>
                <span class="method-start">542 ms</span>
              </div> <!-- test-method -->
              <div class="configuration-method after">
                <span class="method-name">screenshot([TestResult name=Test_OpenWebsite status=SUCCESS method=ExecuteTests_PF.Test_OpenWebsite()[pri:0, in...)</span>
                <span class="method-start">23558 ms</span>
              </div> <!-- configuration-method after -->
              <div class="test-method">
                <span class="method-name">Test_Username</span>
                <span class="method-start">23602 ms</span>
              </div> <!-- test-method -->
              <div class="configuration-method after">
                <span class="method-name">screenshot([TestResult name=Test_Username status=SUCCESS method=ExecuteTests_PF.Test_Username()[pri:1, instance...)</span>
                <span class="method-start">32302 ms</span>
              </div> <!-- configuration-method after -->
              <div class="test-method">
                <span class="method-name">Test_Password</span>
                <span class="method-start">32304 ms</span>
              </div> <!-- test-method -->
              <div class="configuration-method after">
                <span class="method-name">screenshot([TestResult name=Test_Password status=SUCCESS method=ExecuteTests_PF.Test_Password()[pri:2, instance...)</span>
                <span class="method-start">38651 ms</span>
              </div> <!-- configuration-method after -->
              <div class="test-method">
                <img src="failed.png">
                </img>
                <span class="method-name">Validate_Username</span>
                <span class="method-start">38653 ms</span>
              </div> <!-- test-method -->
              <div class="configuration-method after">
                <span class="method-name">screenshot([TestResult name=Validate_Username status=FAILURE method=ExecuteTests_PF.Validate_Username()[pri:3, ...)</span>
                <span class="method-start">45509 ms</span>
              </div> <!-- configuration-method after -->
              <div class="test-method">
                <span class="method-name">Validate_Password</span>
                <span class="method-start">48348 ms</span>
              </div> <!-- test-method -->
              <div class="configuration-method after">
                <span class="method-name">screenshot([TestResult name=Validate_Password status=SUCCESS method=ExecuteTests_PF.Validate_Password()[pri:4, ...)</span>
                <span class="method-start">54566 ms</span>
              </div> <!-- configuration-method after -->
              <div class="test-method">
                <span class="method-name">TestLogin_ValidInput</span>
                <span class="method-start">54567 ms</span>
              </div> <!-- test-method -->
              <div class="configuration-method after">
                <span class="method-name">screenshot([TestResult name=TestLogin_ValidInput status=SUCCESS method=ExecuteTests_PF.TestLogin_ValidInput()[p...)</span>
                <span class="method-start">63062 ms</span>
              </div> <!-- configuration-method after -->
              <div class="configuration-class after">
                <span class="method-name">endClass</span>
                <span class="method-start">63067 ms</span>
              </div> <!-- configuration-class after -->
            </div> <!-- chronological-class -->
            <div class="chronological-class">
              <div class="chronological-class-name">tests_extendR.ExtentReporterNG</div> <!-- chronological-class-name -->
              <div class="configuration-suite after">
                <span class="method-name">EndReport</span>
                <span class="method-start">63703 ms</span>
              </div> <!-- configuration-suite after -->
          </div> <!-- main-panel-content rounded-window-bottom -->
        </div> <!-- panel -->
      </div> <!-- main-panel-root -->
    </div> <!-- wrapper -->
  </body>
</html>
