<?xml version="1.0" encoding="UTF-8"?>
<testng-results ignored="0" total="6" passed="5" failed="1" skipped="0">
  <reporter-output>
  </reporter-output>
  <suite started-at="2022-09-19T17:53:26 IST" name="Test Project" finished-at="2022-09-19T17:54:29 IST" duration-ms="62569">
    <groups>
    </groups>
    <test started-at="2022-09-19T17:53:26 IST" name="LoginTest_ReportG" finished-at="2022-09-19T17:54:29 IST" duration-ms="62569">
      <class name="tests_extendR.ExtentReporterNG">
        <test-method is-config="true" signature="StartReport()[pri:0, instance:tests_extendR.ExtentReporterNG@4b5d6a01]" started-at="2022-09-19T17:53:26 IST" name="StartReport" finished-at="2022-09-19T17:53:26 IST" duration-ms="499" status="PASS">
          <reporter-output>
          </reporter-output>
        </test-method> <!-- StartReport -->
        <test-method is-config="true" signature="EndReport()[pri:0, instance:tests_extendR.ExtentReporterNG@4b5d6a01]" started-at="2022-09-19T17:54:29 IST" name="EndReport" finished-at="2022-09-19T17:54:31 IST" duration-ms="1517" status="PASS">
          <reporter-output>
          </reporter-output>
        </test-method> <!-- EndReport -->
      </class> <!-- tests_extendR.ExtentReporterNG -->
      <class name="tests_extendR.ExecuteTests_PF">
        <test-method is-config="true" signature="startClass()[pri:0, instance:tests_extendR.ExecuteTests_PF@4a22f9e2]" started-at="2022-09-19T17:53:26 IST" name="startClass" finished-at="2022-09-19T17:53:26 IST" duration-ms="0" status="PASS">
          <reporter-output>
          </reporter-output>
        </test-method> <!-- startClass -->
        <test-method signature="Test_OpenWebsite()[pri:0, instance:tests_extendR.ExecuteTests_PF@4a22f9e2]" started-at="2022-09-19T17:53:26 IST" name="Test_OpenWebsite" finished-at="2022-09-19T17:53:49 IST" duration-ms="23011" status="PASS">
          <reporter-output>
          </reporter-output>
        </test-method> <!-- Test_OpenWebsite -->
        <test-method is-config="true" signature="screenshot(org.testng.ITestResult)[pri:0, instance:tests_extendR.ExecuteTests_PF@4a22f9e2]" started-at="2022-09-19T17:53:49 IST" name="screenshot" finished-at="2022-09-19T17:53:49 IST" duration-ms="12" status="PASS">
          <params>
            <param index="0">
              <value>
                <![CDATA[[TestResult name=Test_OpenWebsite status=SUCCESS method=ExecuteTests_PF.Test_OpenWebsite()[pri:0, instance:tests_extendR.ExecuteTests_PF@4a22f9e2] output={null}]]]>
              </value>
            </param>
          </params>
          <reporter-output>
          </reporter-output>
        </test-method> <!-- screenshot -->
        <test-method signature="Test_Username()[pri:1, instance:tests_extendR.ExecuteTests_PF@4a22f9e2]" started-at="2022-09-19T17:53:49 IST" name="Test_Username" finished-at="2022-09-19T17:53:58 IST" duration-ms="8698" status="PASS">
          <reporter-output>
          </reporter-output>
        </test-method> <!-- Test_Username -->
        <test-method is-config="true" signature="screenshot(org.testng.ITestResult)[pri:0, instance:tests_extendR.ExecuteTests_PF@4a22f9e2]" started-at="2022-09-19T17:53:58 IST" name="screenshot" finished-at="2022-09-19T17:53:58 IST" duration-ms="1" status="PASS">
          <params>
            <param index="0">
              <value>
                <![CDATA[[TestResult name=Test_Username status=SUCCESS method=ExecuteTests_PF.Test_Username()[pri:1, instance:tests_extendR.ExecuteTests_PF@4a22f9e2] output={null}]]]>
              </value>
            </param>
          </params>
          <reporter-output>
          </reporter-output>
        </test-method> <!-- screenshot -->
        <test-method signature="Test_Password()[pri:2, instance:tests_extendR.ExecuteTests_PF@4a22f9e2]" started-at="2022-09-19T17:53:58 IST" name="Test_Password" finished-at="2022-09-19T17:54:04 IST" duration-ms="6345" status="PASS">
          <reporter-output>
          </reporter-output>
        </test-method> <!-- Test_Password -->
        <test-method is-config="true" signature="screenshot(org.testng.ITestResult)[pri:0, instance:tests_extendR.ExecuteTests_PF@4a22f9e2]" started-at="2022-09-19T17:54:04 IST" name="screenshot" finished-at="2022-09-19T17:54:04 IST" duration-ms="1" status="PASS">
          <params>
            <param index="0">
              <value>
                <![CDATA[[TestResult name=Test_Password status=SUCCESS method=ExecuteTests_PF.Test_Password()[pri:2, instance:tests_extendR.ExecuteTests_PF@4a22f9e2] output={null}]]]>
              </value>
            </param>
          </params>
          <reporter-output>
          </reporter-output>
        </test-method> <!-- screenshot -->
        <test-method signature="Validate_Username()[pri:3, instance:tests_extendR.ExecuteTests_PF@4a22f9e2]" started-at="2022-09-19T17:54:04 IST" name="Validate_Username" finished-at="2022-09-19T17:54:11 IST" depends-on-methods="tests_extendR.ExecuteTests_PF.Test_Username, tests_extendR.ExecuteTests_PF.Test_OpenWebsite" duration-ms="6723" status="FAIL">
          <exception class="java.lang.AssertionError">
            <message>
              <![CDATA[expected [Please provide your full ] but found [Please provide your full name]]]>
            </message>
            <full-stacktrace>
              <![CDATA[java.lang.AssertionError: expected [Please provide your full ] but found [Please provide your full name]
at org.testng.Assert.fail(Assert.java:97)
at org.testng.Assert.assertEqualsImpl(Assert.java:136)
at org.testng.Assert.assertEquals(Assert.java:118)
at org.testng.Assert.assertEquals(Assert.java:575)
at org.testng.Assert.assertEquals(Assert.java:585)
at pages_PF.DemoPage1_PF.checkUsernameErrorMessage(DemoPage1_PF.java:67)
at tests_extendR.ExecuteTests_PF.Validate_Username(ExecuteTests_PF.java:77)
at java.base/jdk.internal.reflect.NativeMethodAccessorImpl.invoke0(Native Method)
at java.base/jdk.internal.reflect.NativeMethodAccessorImpl.invoke(NativeMethodAccessorImpl.java:62)
at java.base/jdk.internal.reflect.DelegatingMethodAccessorImpl.invoke(DelegatingMethodAccessorImpl.java:43)
at java.base/java.lang.reflect.Method.invoke(Method.java:564)
at org.testng.internal.MethodInvocationHelper.invokeMethod(MethodInvocationHelper.java:134)
at org.testng.internal.TestInvoker.invokeMethod(TestInvoker.java:597)
at org.testng.internal.TestInvoker.invokeTestMethod(TestInvoker.java:173)
at org.testng.internal.MethodRunner.runInSequence(MethodRunner.java:46)
at org.testng.internal.TestInvoker$MethodInvocationAgent.invoke(TestInvoker.java:816)
at org.testng.internal.TestInvoker.invokeTestMethods(TestInvoker.java:146)
at org.testng.internal.TestMethodWorker.invokeTestMethods(TestMethodWorker.java:146)
at org.testng.internal.TestMethodWorker.run(TestMethodWorker.java:128)
at java.base/java.util.ArrayList.forEach(ArrayList.java:1510)
at org.testng.TestRunner.privateRun(TestRunner.java:766)
at org.testng.TestRunner.run(TestRunner.java:587)
at org.testng.SuiteRunner.runTest(SuiteRunner.java:384)
at org.testng.SuiteRunner.runSequentially(SuiteRunner.java:378)
at org.testng.SuiteRunner.privateRun(SuiteRunner.java:337)
at org.testng.SuiteRunner.run(SuiteRunner.java:286)
at org.testng.SuiteRunnerWorker.runSuite(SuiteRunnerWorker.java:53)
at org.testng.SuiteRunnerWorker.run(SuiteRunnerWorker.java:96)
at org.testng.TestNG.runSuitesSequentially(TestNG.java:1187)
at org.testng.TestNG.runSuitesLocally(TestNG.java:1109)
at org.testng.TestNG.runSuites(TestNG.java:1039)
at org.testng.TestNG.run(TestNG.java:1007)
at org.testng.remote.AbstractRemoteTestNG.run(AbstractRemoteTestNG.java:115)
at org.testng.remote.RemoteTestNG.initAndRun(RemoteTestNG.java:251)
at org.testng.remote.RemoteTestNG.main(RemoteTestNG.java:77)
]]>
            </full-stacktrace>
          </exception> <!-- java.lang.AssertionError -->
          <reporter-output>
          </reporter-output>
        </test-method> <!-- Validate_Username -->
        <test-method is-config="true" signature="screenshot(org.testng.ITestResult)[pri:0, instance:tests_extendR.ExecuteTests_PF@4a22f9e2]" started-at="2022-09-19T17:54:11 IST" name="screenshot" finished-at="2022-09-19T17:54:14 IST" duration-ms="2837" status="PASS">
          <params>
            <param index="0">
              <value>
                <![CDATA[[TestResult name=Validate_Username status=FAILURE method=ExecuteTests_PF.Validate_Username()[pri:3, instance:tests_extendR.ExecuteTests_PF@4a22f9e2] output={null}]]]>
              </value>
            </param>
          </params>
          <reporter-output>
          </reporter-output>
        </test-method> <!-- screenshot -->
        <test-method signature="Validate_Password()[pri:4, instance:tests_extendR.ExecuteTests_PF@4a22f9e2]" started-at="2022-09-19T17:54:14 IST" name="Validate_Password" finished-at="2022-09-19T17:54:20 IST" depends-on-methods="tests_extendR.ExecuteTests_PF.Test_OpenWebsite, tests_extendR.ExecuteTests_PF.Test_Password" duration-ms="6217" status="PASS">
          <reporter-output>
          </reporter-output>
        </test-method> <!-- Validate_Password -->
        <test-method is-config="true" signature="screenshot(org.testng.ITestResult)[pri:0, instance:tests_extendR.ExecuteTests_PF@4a22f9e2]" started-at="2022-09-19T17:54:20 IST" name="screenshot" finished-at="2022-09-19T17:54:20 IST" duration-ms="1" status="PASS">
          <params>
            <param index="0">
              <value>
                <![CDATA[[TestResult name=Validate_Password status=SUCCESS method=ExecuteTests_PF.Validate_Password()[pri:4, instance:tests_extendR.ExecuteTests_PF@4a22f9e2] output={null}]]]>
              </value>
            </param>
          </params>
          <reporter-output>
          </reporter-output>
        </test-method> <!-- screenshot -->
        <test-method signature="TestLogin_ValidInput()[pri:5, instance:tests_extendR.ExecuteTests_PF@4a22f9e2]" started-at="2022-09-19T17:54:20 IST" name="TestLogin_ValidInput" finished-at="2022-09-19T17:54:29 IST" duration-ms="8488" status="PASS">
          <reporter-output>
          </reporter-output>
        </test-method> <!-- TestLogin_ValidInput -->
        <test-method is-config="true" signature="screenshot(org.testng.ITestResult)[pri:0, instance:tests_extendR.ExecuteTests_PF@4a22f9e2]" started-at="2022-09-19T17:54:29 IST" name="screenshot" finished-at="2022-09-19T17:54:29 IST" duration-ms="3" status="PASS">
          <params>
            <param index="0">
              <value>
                <![CDATA[[TestResult name=TestLogin_ValidInput status=SUCCESS method=ExecuteTests_PF.TestLogin_ValidInput()[pri:5, instance:tests_extendR.ExecuteTests_PF@4a22f9e2] output={null}]]]>
              </value>
            </param>
          </params>
          <reporter-output>
          </reporter-output>
        </test-method> <!-- screenshot -->
        <test-method is-config="true" signature="endClass()[pri:0, instance:tests_extendR.ExecuteTests_PF@4a22f9e2]" started-at="2022-09-19T17:54:29 IST" name="endClass" finished-at="2022-09-19T17:54:29 IST" duration-ms="1" status="PASS">
          <reporter-output>
          </reporter-output>
        </test-method> <!-- endClass -->
      </class> <!-- tests_extendR.ExecuteTests_PF -->
    </test> <!-- LoginTest_ReportG -->
  </suite> <!-- Test Project -->
</testng-results>
